<?xml version="1.0" encoding="UTF-8"?>
<!-- Generated by org.testng.reporters.JUnitReportReporter -->
<testsuite skipped="0" hostname="41359jnbbrs457l" name="runner.TestNGRunner" tests="1" failures="0" timestamp="10 Mar 2019 19:20:37 GMT" time="279.992" errors="0">
  <testcase name="feature" time="279.992" classname="runner.TestNGRunner"/>
</testsuite> <!-- runner.TestNGRunner -->
